<?xml version="1.0" encoding="UTF-8"?>
<!-- Generated by org.testng.reporters.JUnitXMLReporter -->
<testsuite ignored="1" hostname="DESKTOP-VTNKSB1" failures="1" tests="2" name="ValidationTest" time="20.964" errors="0" timestamp="21 Sep 2022 11:14:40 GMT">
  <testcase classname="apoorvrastogitraining.tests.ErrorValidationTest" name="loginErrorValidation" time="1.457">
    <skipped/>
  </testcase> <!-- loginErrorValidation -->
  <testcase classname="apoorvrastogitraining.tests.ErrorValidationTest" name="loginErrorValidation" time="1.268">
    <failure type="java.lang.AssertionError" message="expected [Incorrect email or password.] but found [Incorrect email password.]">
      <![CDATA[java.lang.AssertionError: expected [Incorrect email or password.] but found [Incorrect email password.]
at apoorvrastogitraining.tests.ErrorValidationTest.loginErrorValidation(ErrorValidationTest.java:20)
at java.base/java.util.concurrent.FutureTask.run(FutureTask.java:264)
at java.base/java.util.concurrent.ThreadPoolExecutor.runWorker(ThreadPoolExecutor.java:1136)
at java.base/java.util.concurrent.ThreadPoolExecutor$Worker.run(ThreadPoolExecutor.java:635)
at java.base/java.lang.Thread.run(Thread.java:833)
... Removed 22 stack frames]]>
    </failure>
  </testcase> <!-- loginErrorValidation -->
  <testcase classname="apoorvrastogitraining.tests.ErrorValidationTest" name="productErrorValidation" time="0.0">
    <ignored/>
  </testcase> <!-- productErrorValidation -->
</testsuite> <!-- ValidationTest -->
